<?xml version="1.0" encoding="UTF-8"?>
<!-- Generated by org.testng.reporters.JUnitReportReporter -->
<testsuite hostname="Harishs-MacBook-Air.local" failures="0" tests="2" name="singleton.SingletonDesignTest" time="3.226" errors="0" timestamp="2023-04-02T11:44:43 IST" skipped="0">
  <testcase classname="singleton.SingletonDesignTest" name="testOne" time="2.614"/>
  <system-out/>
  <testcase classname="singleton.SingletonDesignTest" name="testTwo" time="0.612"/>
  <system-out/>
</testsuite> <!-- singleton.SingletonDesignTest -->
