<?xml version="1.0" encoding="UTF-8"?>
<!-- Generated by org.testng.reporters.JUnitReportReporter -->
<testsuite hostname="Harishs-MacBook-Air.local" failures="0" tests="2" name="singleton.SingletonDesignTest" time="2.833" errors="0" timestamp="2023-04-02T14:48:21 IST" skipped="0">
  <testcase classname="singleton.SingletonDesignTest" name="testOne" time="2.241"/>
  <system-out/>
  <testcase classname="singleton.SingletonDesignTest" name="testTwo" time="0.592"/>
  <system-out/>
</testsuite> <!-- singleton.SingletonDesignTest -->
